<?xml version="1.0" encoding="UTF-8"?>
<testsuite name="com.Demo.demoApplication.integration.CarControllerIntegrationTest" tests="1" skipped="0" failures="0" errors="0" timestamp="2025-01-07T12:54:47" hostname="BDC6-L-125ZFHZ" time="3.978">
  <properties/>
  <testcase name="testGetProductList()" classname="com.Demo.demoApplication.integration.CarControllerIntegrationTest" time="3.978"/>
  <system-out><![CDATA[18:24:40.619 [Test worker] INFO org.springframework.test.context.support.AnnotationConfigContextLoaderUtils -- Could not detect default configuration classes for test class [com.Demo.demoApplication.integration.CarControllerIntegrationTest]: CarControllerIntegrationTest does not declare any static, non-private, non-final, nested classes annotated with @Configuration.
18:24:40.863 [Test worker] INFO org.springframework.boot.test.context.SpringBootTestContextBootstrapper -- Found @SpringBootConfiguration com.Demo.demoApplication.DemoApplication for test class com.Demo.demoApplication.integration.CarControllerIntegrationTest

  .   ____          _            __ _ _
 /\\ / ___'_ __ _ _(_)_ __  __ _ \ \ \ \
( ( )\___ | '_ | '_| | '_ \/ _` | \ \ \ \
 \\/  ___)| |_)| | | | | || (_| |  ) ) ) )
  '  |____| .__|_| |_|_| |_\__, | / / / /
 =========|_|==============|___/=/_/_/_/

 :: Spring Boot ::                (v3.4.1)

2025-01-07T18:24:41.657+05:30  INFO 12248 --- [DemoApplication] [    Test worker] c.D.d.i.CarControllerIntegrationTest     : Starting CarControllerIntegrationTest using Java 17.0.12 with PID 12248 (started by saumya.kesherwani in C:\Users\saumya.kesherwani\Documents\DemoApplication)
2025-01-07T18:24:41.660+05:30  INFO 12248 --- [DemoApplication] [    Test worker] c.D.d.i.CarControllerIntegrationTest     : No active profile set, falling back to 1 default profile: "default"
2025-01-07T18:24:42.872+05:30  INFO 12248 --- [DemoApplication] [    Test worker] .s.d.r.c.RepositoryConfigurationDelegate : Bootstrapping Spring Data MongoDB repositories in DEFAULT mode.
2025-01-07T18:24:43.009+05:30  INFO 12248 --- [DemoApplication] [    Test worker] .s.d.r.c.RepositoryConfigurationDelegate : Finished Spring Data repository scanning in 120 ms. Found 3 MongoDB repository interfaces.
2025-01-07T18:24:44.224+05:30  INFO 12248 --- [DemoApplication] [    Test worker] org.mongodb.driver.client                : MongoClient with metadata {"driver": {"name": "mongo-java-driver|sync|spring-boot", "version": "5.2.1"}, "os": {"type": "Windows", "name": "Windows 11", "architecture": "amd64", "version": "10.0"}, "platform": "Java/Oracle Corporation/17.0.12+8-LTS-286"} created with settings MongoClientSettings{readPreference=primary, writeConcern=WriteConcern{w=majority, wTimeout=null ms, journal=null}, retryWrites=true, retryReads=true, readConcern=ReadConcern{level=null}, credential=MongoCredential{mechanism=null, userName='admin', source='admin', password=<hidden>, mechanismProperties=<hidden>}, transportSettings=null, commandListeners=[], codecRegistry=ProvidersCodecRegistry{codecProviders=[ValueCodecProvider{}, BsonValueCodecProvider{}, DBRefCodecProvider{}, DBObjectCodecProvider{}, DocumentCodecProvider{}, CollectionCodecProvider{}, IterableCodecProvider{}, MapCodecProvider{}, GeoJsonCodecProvider{}, GridFSFileCodecProvider{}, Jsr310CodecProvider{}, JsonObjectCodecProvider{}, BsonCodecProvider{}, EnumCodecProvider{}, com.mongodb.client.model.mql.ExpressionCodecProvider@101bdd1c, com.mongodb.Jep395RecordCodecProvider@e91af20, com.mongodb.KotlinCodecProvider@6221b13b]}, loggerSettings=LoggerSettings{maxDocumentLength=1000}, clusterSettings={hosts=[127.0.0.1:27017], srvHost=cluster0.xwsqs.mongodb.net, srvServiceName=mongodb, mode=MULTIPLE, requiredClusterType=REPLICA_SET, requiredReplicaSetName='atlas-13pto0-shard-0', serverSelector='null', clusterListeners='[]', serverSelectionTimeout='30000 ms', localThreshold='15 ms'}, socketSettings=SocketSettings{connectTimeoutMS=10000, readTimeoutMS=0, receiveBufferSize=0, proxySettings=ProxySettings{host=null, port=null, username=null, password=null}}, heartbeatSocketSettings=SocketSettings{connectTimeoutMS=10000, readTimeoutMS=10000, receiveBufferSize=0, proxySettings=ProxySettings{host=null, port=null, username=null, password=null}}, connectionPoolSettings=ConnectionPoolSettings{maxSize=100, minSize=0, maxWaitTimeMS=120000, maxConnectionLifeTimeMS=0, maxConnectionIdleTimeMS=0, maintenanceInitialDelayMS=0, maintenanceFrequencyMS=60000, connectionPoolListeners=[], maxConnecting=2}, serverSettings=ServerSettings{heartbeatFrequencyMS=10000, minHeartbeatFrequencyMS=500, serverMonitoringMode=AUTO, serverListeners='[]', serverMonitorListeners='[]'}, sslSettings=SslSettings{enabled=true, invalidHostNameAllowed=false, context=null}, applicationName='null', compressorList=[], uuidRepresentation=JAVA_LEGACY, serverApi=null, autoEncryptionSettings=null, dnsClient=null, inetAddressResolver=null, contextProvider=null, timeoutMS=null}
2025-01-07T18:24:44.445+05:30  INFO 12248 --- [DemoApplication] [sqs.mongodb.net] org.mongodb.driver.cluster               : Adding discovered server cluster0-shard-00-01.xwsqs.mongodb.net:27017 to client view of cluster
2025-01-07T18:24:44.508+05:30  INFO 12248 --- [DemoApplication] [sqs.mongodb.net] org.mongodb.driver.cluster               : Adding discovered server cluster0-shard-00-02.xwsqs.mongodb.net:27017 to client view of cluster
2025-01-07T18:24:44.517+05:30  INFO 12248 --- [DemoApplication] [sqs.mongodb.net] org.mongodb.driver.cluster               : Adding discovered server cluster0-shard-00-00.xwsqs.mongodb.net:27017 to client view of cluster
2025-01-07T18:24:45.789+05:30  INFO 12248 --- [DemoApplication] [ngodb.net:27017] org.mongodb.driver.cluster               : Monitor thread successfully connected to server with description ServerDescription{address=cluster0-shard-00-00.xwsqs.mongodb.net:27017, type=REPLICA_SET_SECONDARY, cryptd=false, state=CONNECTED, ok=true, minWireVersion=0, maxWireVersion=25, maxDocumentSize=16777216, logicalSessionTimeoutMinutes=30, roundTripTimeNanos=592568000, minRoundTripTimeNanos=0, setName='atlas-13pto0-shard-0', canonicalAddress=cluster0-shard-00-00.xwsqs.mongodb.net:27017, hosts=[cluster0-shard-00-01.xwsqs.mongodb.net:27017, cluster0-shard-00-02.xwsqs.mongodb.net:27017, cluster0-shard-00-00.xwsqs.mongodb.net:27017], passives=[], arbiters=[], primary='cluster0-shard-00-01.xwsqs.mongodb.net:27017', tagSet=TagSet{[Tag{name='availabilityZone', value='aps1-az1'}, Tag{name='diskState', value='READY'}, Tag{name='nodeType', value='ELECTABLE'}, Tag{name='provider', value='AWS'}, Tag{name='region', value='AP_SOUTH_1'}, Tag{name='workloadType', value='OPERATIONAL'}]}, electionId=null, setVersion=1, topologyVersion=TopologyVersion{processId=6776b440fa5df2627e25f5e3, counter=4}, lastWriteDate=Tue Jan 07 18:24:41 IST 2025, lastUpdateTimeNanos=5190985401500}
2025-01-07T18:24:45.789+05:30  INFO 12248 --- [DemoApplication] [ngodb.net:27017] org.mongodb.driver.cluster               : Monitor thread successfully connected to server with description ServerDescription{address=cluster0-shard-00-01.xwsqs.mongodb.net:27017, type=REPLICA_SET_PRIMARY, cryptd=false, state=CONNECTED, ok=true, minWireVersion=0, maxWireVersion=25, maxDocumentSize=16777216, logicalSessionTimeoutMinutes=30, roundTripTimeNanos=570388500, minRoundTripTimeNanos=0, setName='atlas-13pto0-shard-0', canonicalAddress=cluster0-shard-00-01.xwsqs.mongodb.net:27017, hosts=[cluster0-shard-00-01.xwsqs.mongodb.net:27017, cluster0-shard-00-02.xwsqs.mongodb.net:27017, cluster0-shard-00-00.xwsqs.mongodb.net:27017], passives=[], arbiters=[], primary='cluster0-shard-00-01.xwsqs.mongodb.net:27017', tagSet=TagSet{[Tag{name='availabilityZone', value='aps1-az3'}, Tag{name='diskState', value='READY'}, Tag{name='nodeType', value='ELECTABLE'}, Tag{name='provider', value='AWS'}, Tag{name='region', value='AP_SOUTH_1'}, Tag{name='workloadType', value='OPERATIONAL'}]}, electionId=7fffffff0000000000000004, setVersion=1, topologyVersion=TopologyVersion{processId=6776b535cf620c58e75eb7a7, counter=6}, lastWriteDate=Tue Jan 07 18:24:41 IST 2025, lastUpdateTimeNanos=5190985849100}
2025-01-07T18:24:45.790+05:30  INFO 12248 --- [DemoApplication] [ngodb.net:27017] org.mongodb.driver.cluster               : Monitor thread successfully connected to server with description ServerDescription{address=cluster0-shard-00-02.xwsqs.mongodb.net:27017, type=REPLICA_SET_SECONDARY, cryptd=false, state=CONNECTED, ok=true, minWireVersion=0, maxWireVersion=25, maxDocumentSize=16777216, logicalSessionTimeoutMinutes=30, roundTripTimeNanos=592587100, minRoundTripTimeNanos=0, setName='atlas-13pto0-shard-0', canonicalAddress=cluster0-shard-00-02.xwsqs.mongodb.net:27017, hosts=[cluster0-shard-00-01.xwsqs.mongodb.net:27017, cluster0-shard-00-02.xwsqs.mongodb.net:27017, cluster0-shard-00-00.xwsqs.mongodb.net:27017], passives=[], arbiters=[], primary='cluster0-shard-00-01.xwsqs.mongodb.net:27017', tagSet=TagSet{[Tag{name='availabilityZone', value='aps1-az2'}, Tag{name='diskState', value='READY'}, Tag{name='nodeType', value='ELECTABLE'}, Tag{name='provider', value='AWS'}, Tag{name='region', value='AP_SOUTH_1'}, Tag{name='workloadType', value='OPERATIONAL'}]}, electionId=null, setVersion=1, topologyVersion=TopologyVersion{processId=6776b6636d2dd3b557e60e9c, counter=3}, lastWriteDate=Tue Jan 07 18:24:41 IST 2025, lastUpdateTimeNanos=5190985412100}
2025-01-07T18:24:45.798+05:30  INFO 12248 --- [DemoApplication] [ngodb.net:27017] org.mongodb.driver.cluster               : Discovered replica set primary cluster0-shard-00-01.xwsqs.mongodb.net:27017 with max election id 7fffffff0000000000000004 and max set version 1
2025-01-07T18:24:47.662+05:30  INFO 12248 --- [DemoApplication] [    Test worker] o.s.b.t.m.w.SpringBootMockServletContext : Initializing Spring TestDispatcherServlet ''
2025-01-07T18:24:47.662+05:30  INFO 12248 --- [DemoApplication] [    Test worker] o.s.t.web.servlet.TestDispatcherServlet  : Initializing Servlet ''
2025-01-07T18:24:47.667+05:30  INFO 12248 --- [DemoApplication] [    Test worker] o.s.t.web.servlet.TestDispatcherServlet  : Completed initialization in 2 ms
2025-01-07T18:24:47.737+05:30  INFO 12248 --- [DemoApplication] [    Test worker] c.D.d.i.CarControllerIntegrationTest     : Started CarControllerIntegrationTest in 6.621 seconds (process running for 8.851)
2025-01-07T18:24:51.752+05:30  WARN 12248 --- [DemoApplication] [    Test worker] o.s.c.c.w.WireMockTestExecutionListener  : You've used fixed ports for WireMock setup - will mark context as dirty. Please use random ports, as much as possible. Your tests will be faster and more reliable and this warning will go away
]]></system-out>
  <system-err><![CDATA[]]></system-err>
</testsuite>
